New log file opened at Fri Dec 08 11:25:48 IST 2017 by 18112@localhost
jvm 18112@localhost
jvm vmName=Java HotSpot(TM) 64-Bit Server VM vmVendor=Oracle Corporation vmVersion=25.151-b12
jvm specName=Java Virtual Machine Specification specVendor=Oracle Corporation specVersion=1.8
jvm arguments: [-Xms256m, -Xmx1024m, -XX:MetaspaceSize=64m, -XX:MaxMetaspaceSize=256m]
Starting event engine
Starting sbt command engine
Waiting for sbt command engine
Command engine arguments=List()
Command engine baseDirectory=/Users/ashokwaghmare/projects/akka-sample
Command engine initial remaining commands List(--initialize, onFailure load-failed, boot, server-send-ready-for-request, server-handle-next-server-request)
> --initialize
> initialize
> onFailure load-failed
> boot
> reload
[Loading] Scanning directory /Users/ashokwaghmare/.sbt/0.13/plugins
[Loading] Found non-root projects 
[Loading] Done in /Users/ashokwaghmare/.sbt/0.13/plugins, returning: ()
deducing auto plugins based on known facts Set(Atom(sbt.plugins.CorePlugin)) and clauses Clauses(List(Clause(Atom(sbt.plugins.JvmPlugin),Set(Atom(sbt.plugins.IvyPlugin))), Clause(Atom(sbt.plugins.JUnitXmlReportPlugin),Set(Atom(sbt.plugins.JvmPlugin))), Clause(Atom(sbt.plugins.CorePlugin),Set(Atom(sbt.plugins.IvyPlugin))), Clause(Atom(sbt.plugins.IvyPlugin),Set(Atom(sbt.plugins.JvmPlugin))), Clause(Atom(sbt.plugins.JvmPlugin),Set(Atom(sbt.plugins.JUnitXmlReportPlugin)))))
  :: deduced result: Matched(sbt.plugins.CorePlugin,sbt.plugins.IvyPlugin,sbt.plugins.JvmPlugin,sbt.plugins.JUnitXmlReportPlugin)
sorting: ns: List(sbt.plugins.CorePlugin, sbt.plugins.IvyPlugin, sbt.plugins.JvmPlugin, sbt.plugins.JUnitXmlReportPlugin)
  :: sorting:: found: List(sbt.plugins.CorePlugin) not found List(sbt.plugins.IvyPlugin, sbt.plugins.JvmPlugin, sbt.plugins.JUnitXmlReportPlugin)
  :: sorting:: found: List(sbt.plugins.CorePlugin, sbt.plugins.IvyPlugin) not found List(sbt.plugins.JvmPlugin, sbt.plugins.JUnitXmlReportPlugin)
  :: sorting:: found: List(sbt.plugins.CorePlugin, sbt.plugins.IvyPlugin, sbt.plugins.JvmPlugin) not found List(sbt.plugins.JUnitXmlReportPlugin)
  :: sorting:: found: List(sbt.plugins.CorePlugin, sbt.plugins.IvyPlugin, sbt.plugins.JvmPlugin, sbt.plugins.JUnitXmlReportPlugin) not found List()
  :: sorted deduced result: List(sbt.plugins.CorePlugin, sbt.plugins.IvyPlugin, sbt.plugins.JvmPlugin, sbt.plugins.JUnitXmlReportPlugin)
[Loading] Done in /Users/ashokwaghmare/.sbt/0.13/plugins, returning: (global-plugins)
Loading global plugins from /Users/ashokwaghmare/.sbt/0.13/plugins
Running task... Cancel: sbt.TaskCancellationStrategy$Null$@1e9822b9, check cycles: false

Initial source changes: 
	removed:Set()
	added: Set()
	modified: Set()
Removed products: Set()
External API changes: API Changes: Set()
Modified binary dependencies: Set()
Initial directly invalidated sources: Set()

Sources indirectly invalidated by:
	product: Set()
	binary dep: Set()
	external source: Set()
All initially invalidated sources: Set()

Copy resource mappings: 
	
Other repositories:
Default repositories:
Waiting for lock on /Users/ashokwaghmare/.ivy2/.sbt.ivy.lock to be available...
Using inline dependencies specified in Scala.
[Loading] Scanning directory /Users/ashokwaghmare/projects/akka-sample/project
[Loading] Found non-root projects 
[Loading] Done in /Users/ashokwaghmare/projects/akka-sample/project, returning: ()
deducing auto plugins based on known facts Set(Atom(sbt.plugins.CorePlugin)) and clauses Clauses(List(Clause(Atom(sbt.plugins.JvmPlugin),Set(Atom(sbt.plugins.IvyPlugin))), Clause(Atom(sbt.plugins.JUnitXmlReportPlugin),Set(Atom(sbt.plugins.JvmPlugin))), Clause(Atom(sbt.plugins.CorePlugin),Set(Atom(sbt.plugins.IvyPlugin))), Clause(Atom(sbt.plugins.IvyPlugin),Set(Atom(sbt.plugins.JvmPlugin))), Clause(Atom(sbt.plugins.JvmPlugin),Set(Atom(sbt.plugins.JUnitXmlReportPlugin)))))
  :: deduced result: Matched(sbt.plugins.CorePlugin,sbt.plugins.IvyPlugin,sbt.plugins.JvmPlugin,sbt.plugins.JUnitXmlReportPlugin)
sorting: ns: List(sbt.plugins.CorePlugin, sbt.plugins.IvyPlugin, sbt.plugins.JvmPlugin, sbt.plugins.JUnitXmlReportPlugin)
  :: sorting:: found: List(sbt.plugins.CorePlugin) not found List(sbt.plugins.IvyPlugin, sbt.plugins.JvmPlugin, sbt.plugins.JUnitXmlReportPlugin)
  :: sorting:: found: List(sbt.plugins.CorePlugin, sbt.plugins.IvyPlugin) not found List(sbt.plugins.JvmPlugin, sbt.plugins.JUnitXmlReportPlugin)
  :: sorting:: found: List(sbt.plugins.CorePlugin, sbt.plugins.IvyPlugin, sbt.plugins.JvmPlugin) not found List(sbt.plugins.JUnitXmlReportPlugin)
  :: sorting:: found: List(sbt.plugins.CorePlugin, sbt.plugins.IvyPlugin, sbt.plugins.JvmPlugin, sbt.plugins.JUnitXmlReportPlugin) not found List()
  :: sorted deduced result: List(sbt.plugins.CorePlugin, sbt.plugins.IvyPlugin, sbt.plugins.JvmPlugin, sbt.plugins.JUnitXmlReportPlugin)
[Loading] Done in /Users/ashokwaghmare/projects/akka-sample/project, returning: (akka-sample-build)
Loading project definition from /Users/ashokwaghmare/projects/akka-sample/project
Running task... Cancel: sbt.TaskCancellationStrategy$Null$@1e9822b9, check cycles: false

Initial source changes: 
	removed:Set()
	added: Set()
	modified: Set()
Removed products: Set()
External API changes: API Changes: Set()
Modified binary dependencies: Set()
Initial directly invalidated sources: Set()

Sources indirectly invalidated by:
	product: Set()
	binary dep: Set()
	external source: Set()
All initially invalidated sources: Set()

Copy resource mappings: 
	
[Loading] Scanning directory /Users/ashokwaghmare/projects/akka-sample
[Loading] Found non-root projects 
[Loading] Done in /Users/ashokwaghmare/projects/akka-sample, returning: ()
deducing auto plugins based on known facts Set(Atom(sbt.plugins.CorePlugin)) and clauses Clauses(List(Clause(Atom(sbt.plugins.JvmPlugin),Set(Atom(sbt.plugins.IvyPlugin))), Clause(Atom(sbt.plugins.JUnitXmlReportPlugin),Set(Atom(sbt.plugins.JvmPlugin))), Clause(Atom(sbt.plugins.BackgroundRunPlugin),Set(Atom(sbt.plugins.JvmPlugin))), Clause(Atom(sbt.plugins.CorePlugin),Set(Atom(sbt.plugins.IvyPlugin))), Clause(Atom(sbt.plugins.IvyPlugin),Set(Atom(sbt.plugins.JvmPlugin))), Clause(Atom(sbt.plugins.JvmPlugin),Set(Atom(sbt.plugins.JUnitXmlReportPlugin))), Clause(Atom(sbt.plugins.JvmPlugin),Set(Atom(sbt.plugins.BackgroundRunPlugin))), Clause(Atom(sbt.plugins.CorePlugin),Set(Atom(sbt.plugins.InteractionServicePlugin))), Clause(Atom(sbt.plugins.CorePlugin),Set(Atom(sbt.plugins.SendEventServicePlugin))), Clause(Atom(sbt.plugins.CorePlugin),Set(Atom(sbt.plugins.SerializersPlugin)))))
  :: deduced result: Matched(sbt.plugins.CorePlugin,sbt.plugins.SerializersPlugin,sbt.plugins.SendEventServicePlugin,sbt.plugins.InteractionServicePlugin,sbt.plugins.IvyPlugin,sbt.plugins.JvmPlugin,sbt.plugins.BackgroundRunPlugin,sbt.plugins.JUnitXmlReportPlugin)
sorting: ns: List(sbt.plugins.CorePlugin, sbt.plugins.SerializersPlugin, sbt.plugins.SendEventServicePlugin, sbt.plugins.InteractionServicePlugin, sbt.plugins.IvyPlugin, sbt.plugins.JvmPlugin, sbt.plugins.BackgroundRunPlugin, sbt.plugins.JUnitXmlReportPlugin)
  :: sorting:: found: List(sbt.plugins.CorePlugin) not found List(sbt.plugins.SerializersPlugin, sbt.plugins.SendEventServicePlugin, sbt.plugins.InteractionServicePlugin, sbt.plugins.IvyPlugin, sbt.plugins.JvmPlugin, sbt.plugins.BackgroundRunPlugin, sbt.plugins.JUnitXmlReportPlugin)
  :: sorting:: found: List(sbt.plugins.CorePlugin, sbt.plugins.SerializersPlugin, sbt.plugins.SendEventServicePlugin, sbt.plugins.InteractionServicePlugin, sbt.plugins.IvyPlugin) not found List(sbt.plugins.JvmPlugin, sbt.plugins.BackgroundRunPlugin, sbt.plugins.JUnitXmlReportPlugin)
  :: sorting:: found: List(sbt.plugins.CorePlugin, sbt.plugins.SerializersPlugin, sbt.plugins.SendEventServicePlugin, sbt.plugins.InteractionServicePlugin, sbt.plugins.IvyPlugin, sbt.plugins.JvmPlugin) not found List(sbt.plugins.BackgroundRunPlugin, sbt.plugins.JUnitXmlReportPlugin)
  :: sorting:: found: List(sbt.plugins.CorePlugin, sbt.plugins.SerializersPlugin, sbt.plugins.SendEventServicePlugin, sbt.plugins.InteractionServicePlugin, sbt.plugins.IvyPlugin, sbt.plugins.JvmPlugin, sbt.plugins.BackgroundRunPlugin, sbt.plugins.JUnitXmlReportPlugin) not found List()
  :: sorted deduced result: List(sbt.plugins.CorePlugin, sbt.plugins.SerializersPlugin, sbt.plugins.SendEventServicePlugin, sbt.plugins.InteractionServicePlugin, sbt.plugins.IvyPlugin, sbt.plugins.JvmPlugin, sbt.plugins.BackgroundRunPlugin, sbt.plugins.JUnitXmlReportPlugin)
[Loading] Done in /Users/ashokwaghmare/projects/akka-sample, returning: (akka-sample)
Set current project to akka-sample (in build file:/Users/ashokwaghmare/projects/akka-sample/)
Reapplying settings...
Set current project to akka-sample (in build file:/Users/ashokwaghmare/projects/akka-sample/)
> iflast shell
> server-send-ready-for-request
> server-handle-next-server-request
> {file:/Users/ashokwaghmare/projects/akka-sample/}akka-sample/compile:discoveredMainClasses
Evaluating tasks: compile:discoveredMainClasses
Running task... Cancel: sbt.server.ServerTaskCancellation@3bbe0731, check cycles: false

Initial source changes: 
	removed:Set()
	added: Set(/Users/ashokwaghmare/projects/akka-sample/src/main/scala/com/example/ApplicationMain.scala, /Users/ashokwaghmare/projects/akka-sample/src/main/scala/com/example/PingActor.scala, /Users/ashokwaghmare/projects/akka-sample/src/main/scala/com/example/PongActor.scala)
	modified: Set()
Removed products: Set()
External API changes: API Changes: Set()
Modified binary dependencies: Set()
Initial directly invalidated sources: Set(/Users/ashokwaghmare/projects/akka-sample/src/main/scala/com/example/ApplicationMain.scala, /Users/ashokwaghmare/projects/akka-sample/src/main/scala/com/example/PingActor.scala, /Users/ashokwaghmare/projects/akka-sample/src/main/scala/com/example/PongActor.scala)

Sources indirectly invalidated by:
	product: Set()
	binary dep: Set()
	external source: Set()
All initially invalidated sources: Set(/Users/ashokwaghmare/projects/akka-sample/src/main/scala/com/example/ApplicationMain.scala, /Users/ashokwaghmare/projects/akka-sample/src/main/scala/com/example/PingActor.scala, /Users/ashokwaghmare/projects/akka-sample/src/main/scala/com/example/PongActor.scala)

Recompiling all 3 sources: invalidated sources (3) exceeded 50.0% of all sources
Read from stdout: Compiling 3 Scala sources to /Users/ashokwaghmare/projects/akka-sample/target/scala-2.11/classes...
Compiling 3 Scala sources to /Users/ashokwaghmare/projects/akka-sample/target/scala-2.11/classes...
Getting compiler-interface from component compiler for Scala 2.11.11
Other repositories:
Default repositories:
Waiting for lock on /Users/ashokwaghmare/.ivy2/.sbt.ivy.lock to be available...
Other repositories:
Default repositories:
Read from stdout: 'compiler-interface' not yet compiled for Scala 2.11.11. Compiling...
'compiler-interface' not yet compiled for Scala 2.11.11. Compiling...
Plain interface to Scala compiler 2.11.11  with arguments: 
	-nowarn
	-d
	/var/folders/5g/b27mz9g553sdzyhzxlpq2_qm0000gn/T/sbt_859b43ba
	-bootclasspath
	/Library/Java/JavaVirtualMachines/jdk1.8.0_151.jdk/Contents/Home/jre/lib/resources.jar:/Library/Java/JavaVirtualMachines/jdk1.8.0_151.jdk/Contents/Home/jre/lib/rt.jar:/Library/Java/JavaVirtualMachines/jdk1.8.0_151.jdk/Contents/Home/jre/lib/sunrsasign.jar:/Library/Java/JavaVirtualMachines/jdk1.8.0_151.jdk/Contents/Home/jre/lib/jsse.jar:/Library/Java/JavaVirtualMachines/jdk1.8.0_151.jdk/Contents/Home/jre/lib/jce.jar:/Library/Java/JavaVirtualMachines/jdk1.8.0_151.jdk/Contents/Home/jre/lib/charsets.jar:/Library/Java/JavaVirtualMachines/jdk1.8.0_151.jdk/Contents/Home/jre/lib/jfr.jar:/Library/Java/JavaVirtualMachines/jdk1.8.0_151.jdk/Contents/Home/jre/classes:/Users/ashokwaghmare/.ivy2/cache/org.scala-lang/scala-library/jars/scala-library-2.11.11.jar
	-classpath
	/Users/ashokwaghmare/.sbt/boot/scala-2.10.4/com.typesafe.sbtrc/server-0-13/0.3.5/xsbti/interface-0.13.8.jar:/Users/ashokwaghmare/.sbt/boot/scala-2.10.4/com.typesafe.sbtrc/server-0-13/0.3.5/compiler-interface-src/compiler-interface-src-0.13.8.jar:/Users/ashokwaghmare/.ivy2/cache/org.scala-lang/scala-compiler/jars/scala-compiler-2.11.11.jar:/Users/ashokwaghmare/.ivy2/cache/org.scala-lang/scala-reflect/jars/scala-reflect-2.11.11.jar:/Users/ashokwaghmare/.ivy2/cache/org.scala-lang.modules/scala-xml_2.11/bundles/scala-xml_2.11-1.0.5.jar:/Users/ashokwaghmare/.ivy2/cache/org.scala-lang.modules/scala-parser-combinators_2.11/bundles/scala-parser-combinators_2.11-1.0.4.jar:/Users/ashokwaghmare/.ivy2/cache/jline/jline/jars/jline-2.14.3.jar
	/var/folders/5g/b27mz9g553sdzyhzxlpq2_qm0000gn/T/sbt_e890b739/xsbt/API.scala
	/var/folders/5g/b27mz9g553sdzyhzxlpq2_qm0000gn/T/sbt_e890b739/xsbt/Analyzer.scala
	/var/folders/5g/b27mz9g553sdzyhzxlpq2_qm0000gn/T/sbt_e890b739/xsbt/Command.scala
	/var/folders/5g/b27mz9g553sdzyhzxlpq2_qm0000gn/T/sbt_e890b739/xsbt/Compat.scala
	/var/folders/5g/b27mz9g553sdzyhzxlpq2_qm0000gn/T/sbt_e890b739/xsbt/CompilerInterface.scala
	/var/folders/5g/b27mz9g553sdzyhzxlpq2_qm0000gn/T/sbt_e890b739/xsbt/ConsoleInterface.scala
	/var/folders/5g/b27mz9g553sdzyhzxlpq2_qm0000gn/T/sbt_e890b739/xsbt/DelegatingReporter.scala
	/var/folders/5g/b27mz9g553sdzyhzxlpq2_qm0000gn/T/sbt_e890b739/xsbt/Dependency.scala
	/var/folders/5g/b27mz9g553sdzyhzxlpq2_qm0000gn/T/sbt_e890b739/xsbt/ExtractAPI.scala
	/var/folders/5g/b27mz9g553sdzyhzxlpq2_qm0000gn/T/sbt_e890b739/xsbt/ExtractUsedNames.scala
	/var/folders/5g/b27mz9g553sdzyhzxlpq2_qm0000gn/T/sbt_e890b739/xsbt/LocateClassFile.scala
	/var/folders/5g/b27mz9g553sdzyhzxlpq2_qm0000gn/T/sbt_e890b739/xsbt/Log.scala
	/var/folders/5g/b27mz9g553sdzyhzxlpq2_qm0000gn/T/sbt_e890b739/xsbt/Message.scala
	/var/folders/5g/b27mz9g553sdzyhzxlpq2_qm0000gn/T/sbt_e890b739/xsbt/ScaladocInterface.scala
Read from stdout: Compilation completed in 8.182 s
  Compilation completed in 8.182 s
Other repositories:
Default repositories:
Getting compiler-interface from component compiler for Scala 2.11.11
Other repositories:
Default repositories:
Running cached compiler 17f4d03a, interfacing (CompilerInterface) with Scala compiler version 2.11.11
Calling Scala compiler with arguments  (CompilerInterface):
	-bootclasspath
	/Library/Java/JavaVirtualMachines/jdk1.8.0_151.jdk/Contents/Home/jre/lib/resources.jar:/Library/Java/JavaVirtualMachines/jdk1.8.0_151.jdk/Contents/Home/jre/lib/rt.jar:/Library/Java/JavaVirtualMachines/jdk1.8.0_151.jdk/Contents/Home/jre/lib/sunrsasign.jar:/Library/Java/JavaVirtualMachines/jdk1.8.0_151.jdk/Contents/Home/jre/lib/jsse.jar:/Library/Java/JavaVirtualMachines/jdk1.8.0_151.jdk/Contents/Home/jre/lib/jce.jar:/Library/Java/JavaVirtualMachines/jdk1.8.0_151.jdk/Contents/Home/jre/lib/charsets.jar:/Library/Java/JavaVirtualMachines/jdk1.8.0_151.jdk/Contents/Home/jre/lib/jfr.jar:/Library/Java/JavaVirtualMachines/jdk1.8.0_151.jdk/Contents/Home/jre/classes:/Users/ashokwaghmare/.ivy2/cache/org.scala-lang/scala-library/jars/scala-library-2.11.11.jar
	-classpath
	/Users/ashokwaghmare/projects/akka-sample/target/scala-2.11/classes:/Users/ashokwaghmare/.ivy2/cache/com.typesafe.akka/akka-persistence_2.11/jars/akka-persistence_2.11-2.5.4.jar:/Users/ashokwaghmare/.ivy2/cache/com.typesafe.akka/akka-actor_2.11/jars/akka-actor_2.11-2.5.4.jar:/Users/ashokwaghmare/.ivy2/cache/com.typesafe/config/bundles/config-1.3.1.jar:/Users/ashokwaghmare/Downloads/Apps/activator-dist-1.3.12/repository/org.scala-lang.modules/scala-java8-compat_2.11/0.7.0/bundles/scala-java8-compat_2.11.jar:/Users/ashokwaghmare/.ivy2/cache/com.typesafe.akka/akka-protobuf_2.11/jars/akka-protobuf_2.11-2.5.4.jar
Read from stdout: /Users/ashokwaghmare/projects/akka-sample/src/main/scala/com/example/ApplicationMain.scala:11: value awaitTermination is not a member of akka.actor.ActorSystem
/Users/ashokwaghmare/projects/akka-sample/src/main/scala/com/example/ApplicationMain.scala:11: value awaitTermination is not a member of akka.actor.ActorSystem
Read from stdout: system.awaitTermination()
  system.awaitTermination()
Read from stdout: ^
         ^
Read from stdout: /Users/ashokwaghmare/projects/akka-sample/src/main/scala/com/example/PingActor.scala:21: value shutdown is not a member of akka.actor.ActorSystem
/Users/ashokwaghmare/projects/akka-sample/src/main/scala/com/example/PingActor.scala:21: value shutdown is not a member of akka.actor.ActorSystem
Read from stdout: 	  if (counter == 3) context.system.shutdown()
  	  if (counter == 3) context.system.shutdown()
Read from stdout: 	                                   ^
  	                                   ^
Read from stdout: two errors found
two errors found
Compilation failed (CompilerInterface)
Read from stdout: (compile:compileIncremental) Compilation failed
(compile:compileIncremental) Compilation failed
Total time: 14 s, completed Dec 8, 2017 11:26:38 AM
> server-post-command-error-handler
> server-post-command-cleanup
> server-handle-next-server-request
> {file:/Users/ashokwaghmare/projects/akka-sample/}akka-sample/compile:mainClass
Evaluating tasks: compile:mainClass
Running task... Cancel: sbt.server.ServerTaskCancellation@1476f35c, check cycles: false

Initial source changes: 
	removed:Set()
	added: Set(/Users/ashokwaghmare/projects/akka-sample/src/main/scala/com/example/ApplicationMain.scala, /Users/ashokwaghmare/projects/akka-sample/src/main/scala/com/example/PingActor.scala, /Users/ashokwaghmare/projects/akka-sample/src/main/scala/com/example/PongActor.scala)
	modified: Set()
Removed products: Set()
External API changes: API Changes: Set()
Modified binary dependencies: Set()
Initial directly invalidated sources: Set(/Users/ashokwaghmare/projects/akka-sample/src/main/scala/com/example/ApplicationMain.scala, /Users/ashokwaghmare/projects/akka-sample/src/main/scala/com/example/PingActor.scala, /Users/ashokwaghmare/projects/akka-sample/src/main/scala/com/example/PongActor.scala)

Sources indirectly invalidated by:
	product: Set()
	binary dep: Set()
	external source: Set()
All initially invalidated sources: Set(/Users/ashokwaghmare/projects/akka-sample/src/main/scala/com/example/ApplicationMain.scala, /Users/ashokwaghmare/projects/akka-sample/src/main/scala/com/example/PingActor.scala, /Users/ashokwaghmare/projects/akka-sample/src/main/scala/com/example/PongActor.scala)

Recompiling all 3 sources: invalidated sources (3) exceeded 50.0% of all sources
Read from stdout: Compiling 3 Scala sources to /Users/ashokwaghmare/projects/akka-sample/target/scala-2.11/classes...
Compiling 3 Scala sources to /Users/ashokwaghmare/projects/akka-sample/target/scala-2.11/classes...
Getting compiler-interface from component compiler for Scala 2.11.11
Other repositories:
Default repositories:
Getting compiler-interface from component compiler for Scala 2.11.11
Other repositories:
Default repositories:
Running cached compiler 66b4115f, interfacing (CompilerInterface) with Scala compiler version 2.11.11
Calling Scala compiler with arguments  (CompilerInterface):
	-bootclasspath
	/Library/Java/JavaVirtualMachines/jdk1.8.0_151.jdk/Contents/Home/jre/lib/resources.jar:/Library/Java/JavaVirtualMachines/jdk1.8.0_151.jdk/Contents/Home/jre/lib/rt.jar:/Library/Java/JavaVirtualMachines/jdk1.8.0_151.jdk/Contents/Home/jre/lib/sunrsasign.jar:/Library/Java/JavaVirtualMachines/jdk1.8.0_151.jdk/Contents/Home/jre/lib/jsse.jar:/Library/Java/JavaVirtualMachines/jdk1.8.0_151.jdk/Contents/Home/jre/lib/jce.jar:/Library/Java/JavaVirtualMachines/jdk1.8.0_151.jdk/Contents/Home/jre/lib/charsets.jar:/Library/Java/JavaVirtualMachines/jdk1.8.0_151.jdk/Contents/Home/jre/lib/jfr.jar:/Library/Java/JavaVirtualMachines/jdk1.8.0_151.jdk/Contents/Home/jre/classes:/Users/ashokwaghmare/.ivy2/cache/org.scala-lang/scala-library/jars/scala-library-2.11.11.jar
	-classpath
	/Users/ashokwaghmare/projects/akka-sample/target/scala-2.11/classes:/Users/ashokwaghmare/.ivy2/cache/com.typesafe.akka/akka-persistence_2.11/jars/akka-persistence_2.11-2.5.4.jar:/Users/ashokwaghmare/.ivy2/cache/com.typesafe.akka/akka-actor_2.11/jars/akka-actor_2.11-2.5.4.jar:/Users/ashokwaghmare/.ivy2/cache/com.typesafe/config/bundles/config-1.3.1.jar:/Users/ashokwaghmare/Downloads/Apps/activator-dist-1.3.12/repository/org.scala-lang.modules/scala-java8-compat_2.11/0.7.0/bundles/scala-java8-compat_2.11.jar:/Users/ashokwaghmare/.ivy2/cache/com.typesafe.akka/akka-protobuf_2.11/jars/akka-protobuf_2.11-2.5.4.jar
Read from stdout: /Users/ashokwaghmare/projects/akka-sample/src/main/scala/com/example/ApplicationMain.scala:11: value awaitTermination is not a member of akka.actor.ActorSystem
/Users/ashokwaghmare/projects/akka-sample/src/main/scala/com/example/ApplicationMain.scala:11: value awaitTermination is not a member of akka.actor.ActorSystem
Read from stdout: system.awaitTermination()
  system.awaitTermination()
Read from stdout: ^
         ^
Read from stdout: /Users/ashokwaghmare/projects/akka-sample/src/main/scala/com/example/PingActor.scala:21: value shutdown is not a member of akka.actor.ActorSystem
/Users/ashokwaghmare/projects/akka-sample/src/main/scala/com/example/PingActor.scala:21: value shutdown is not a member of akka.actor.ActorSystem
Read from stdout: 	  if (counter == 3) context.system.shutdown()
  	  if (counter == 3) context.system.shutdown()
Read from stdout: 	                                   ^
  	                                   ^
Read from stdout: two errors found
two errors found
Compilation failed (CompilerInterface)
Read from stdout: (compile:compileIncremental) Compilation failed
(compile:compileIncremental) Compilation failed
Total time: 0 s, completed Dec 8, 2017 11:26:38 AM
> server-post-command-error-handler
> server-post-command-cleanup
> server-handle-next-server-request
